\BOOKMARK [1][-]{section.1}{Introduction}{}% 1
\BOOKMARK [1][-]{section.2}{Establishing\040Energy\040profile}{}% 2
\BOOKMARK [2][-]{subsection.2.1}{Data\040analysis\040and\040preparation}{section.2}% 3
\BOOKMARK [3][-]{subsubsection.2.1.1}{Energy\040classification}{subsection.2.1}% 4
\BOOKMARK [3][-]{subsubsection.2.1.2}{Four\040kinds\040of\040industries}{subsection.2.1}% 5
\BOOKMARK [3][-]{subsubsection.2.1.3}{The\040calculation\040process}{subsection.2.1}% 6
\BOOKMARK [3][-]{subsubsection.2.1.4}{Formula\040for\040energy\040profile}{subsection.2.1}% 7
\BOOKMARK [2][-]{subsection.2.2}{California'\040energy\040profile}{section.2}% 8
\BOOKMARK [3][-]{subsubsection.2.2.1}{Overview}{subsection.2.2}% 9
\BOOKMARK [2][-]{subsection.2.3}{Main\040energy\040sources}{section.2}% 10
\BOOKMARK [2][-]{subsection.2.4}{Arizona'\040energy\040profile}{section.2}% 11
\BOOKMARK [3][-]{subsubsection.2.4.1}{Overview}{subsection.2.4}% 12
\BOOKMARK [3][-]{subsubsection.2.4.2}{Main\040energy\040sources}{subsection.2.4}% 13
\BOOKMARK [2][-]{subsection.2.5}{New\040Mexico's\040energy\040profile}{section.2}% 14
\BOOKMARK [3][-]{subsubsection.2.5.1}{Overview}{subsection.2.5}% 15
\BOOKMARK [3][-]{subsubsection.2.5.2}{Main\040energy\040sources}{subsection.2.5}% 16
\BOOKMARK [2][-]{subsection.2.6}{Texas's\040energy\040profile}{section.2}% 17
\BOOKMARK [3][-]{subsubsection.2.6.1}{Overview}{subsection.2.6}% 18
\BOOKMARK [2][-]{subsection.2.7}{Main\040energy\040sources}{section.2}% 19
\BOOKMARK [1][-]{section.3}{Calculating\040and\040Simplifying\040the\040Model\040}{}% 20
\BOOKMARK [1][-]{section.4}{The\040Model\040Results}{}% 21
\BOOKMARK [1][-]{section.5}{Validating\040the\040Model}{}% 22
\BOOKMARK [1][-]{section.6}{Conclusions}{}% 23
\BOOKMARK [1][-]{section.7}{Evaluate\040of\040the\040Model}{}% 24
\BOOKMARK [1][-]{section.8}{Strengths\040and\040weaknesses}{}% 25
\BOOKMARK [2][-]{subsection.8.1}{Strengths}{section.8}% 26
\BOOKMARK [1][-]{section*.2}{Appendices}{}% 27
\BOOKMARK [1][-]{Appendix.a.A}{Appendix\040First\040appendix}{}% 28
\BOOKMARK [1][-]{Appendix.a.B}{Appendix\040Second\040appendix}{}% 29
